[0.062s] Invoking command in '/home/stego/Driverless/graph_based_slam/build/graph_based_slam': CMAKE_PREFIX_PATH=/opt/ros/foxy /usr/bin/cmake /home/stego/Driverless/graph_based_slam -DCMAKE_INSTALL_PREFIX=/home/stego/Driverless/graph_based_slam/install/graph_based_slam
[0.174s] -- The C compiler identification is GNU 9.4.0
[0.240s] -- The CXX compiler identification is GNU 9.4.0
[0.245s] -- Check for working C compiler: /usr/bin/cc
[0.281s] -- Check for working C compiler: /usr/bin/cc -- works
[0.282s] -- Detecting C compiler ABI info
[0.317s] -- Detecting C compiler ABI info - done
[0.324s] -- Detecting C compile features
[0.324s] -- Detecting C compile features - done
[0.326s] -- Check for working CXX compiler: /usr/bin/c++
[0.367s] -- Check for working CXX compiler: /usr/bin/c++ -- works
[0.367s] -- Detecting CXX compiler ABI info
[0.407s] -- Detecting CXX compiler ABI info - done
[0.413s] -- Detecting CXX compile features
[0.413s] -- Detecting CXX compile features - done
[0.418s] -- Found ament_cmake: 0.9.12 (/opt/ros/foxy/share/ament_cmake/cmake)
[0.436s] -- Found PythonInterp: /usr/bin/python3 (found suitable version "3.8.10", minimum required is "3") 
[0.436s] -- Using PYTHON_EXECUTABLE: /usr/bin/python3
[0.544s] -- Found rclcpp: 2.4.3 (/opt/ros/foxy/share/rclcpp/cmake)
[0.579s] -- Using all available rosidl_typesupport_c: rosidl_typesupport_fastrtps_c;rosidl_typesupport_introspection_c
[0.584s] -- Found rosidl_adapter: 1.3.1 (/opt/ros/foxy/share/rosidl_adapter/cmake)
[0.643s] -- Found OpenSSL: /usr/lib/x86_64-linux-gnu/libcrypto.so (found version "1.1.1f")  
[0.660s] -- Found FastRTPS: /opt/ros/foxy/include  
[0.708s] -- Using all available rosidl_typesupport_cpp: rosidl_typesupport_fastrtps_cpp;rosidl_typesupport_introspection_cpp
[0.748s] -- Found rmw_implementation_cmake: 1.0.4 (/opt/ros/foxy/share/rmw_implementation_cmake/cmake)
[0.749s] -- Using RMW implementation 'rmw_fastrtps_cpp' as default
[0.751s] -- Looking for pthread.h
[0.794s] -- Looking for pthread.h - found
[0.794s] -- Performing Test CMAKE_HAVE_LIBC_PTHREAD
[0.834s] -- Performing Test CMAKE_HAVE_LIBC_PTHREAD - Failed
[0.834s] -- Looking for pthread_create in pthreads
[0.865s] -- Looking for pthread_create in pthreads - not found
[0.865s] -- Looking for pthread_create in pthread
[0.902s] -- Looking for pthread_create in pthread - found
[0.903s] -- Found Threads: TRUE  
[0.997s] -- Found rclcpp_components: 2.4.3 (/opt/ros/foxy/share/rclcpp_components/cmake)
[1.038s] -- Found rosidl_default_generators: 1.0.1 (/opt/ros/foxy/share/rosidl_default_generators/cmake)
[1.050s] CMake Error at CMakeLists.txt:61 (find_package):
[1.050s]   By not providing "Findeufs_msgs.cmake" in CMAKE_MODULE_PATH this project
[1.050s]   has asked CMake to find a package configuration file provided by
[1.050s]   "eufs_msgs", but CMake did not find one.
[1.050s] 
[1.050s]   Could not find a package configuration file provided by "eufs_msgs" with
[1.050s]   any of the following names:
[1.050s] 
[1.050s]     eufs_msgsConfig.cmake
[1.051s]     eufs_msgs-config.cmake
[1.051s] 
[1.051s]   Add the installation prefix of "eufs_msgs" to CMAKE_PREFIX_PATH or set
[1.051s]   "eufs_msgs_DIR" to a directory containing one of the above files.  If
[1.051s]   "eufs_msgs" provides a separate development package or SDK, be sure it has
[1.051s]   been installed.
[1.051s] 
[1.051s] 
[1.051s] -- Configuring incomplete, errors occurred!
[1.051s] See also "/home/stego/Driverless/graph_based_slam/build/graph_based_slam/CMakeFiles/CMakeOutput.log".
[1.051s] See also "/home/stego/Driverless/graph_based_slam/build/graph_based_slam/CMakeFiles/CMakeError.log".
[1.056s] Invoked command in '/home/stego/Driverless/graph_based_slam/build/graph_based_slam' returned '1': CMAKE_PREFIX_PATH=/opt/ros/foxy /usr/bin/cmake /home/stego/Driverless/graph_based_slam -DCMAKE_INSTALL_PREFIX=/home/stego/Driverless/graph_based_slam/install/graph_based_slam
